Command line invocation:
    /Applications/Xcode.app/Contents/Developer/usr/bin/xcodebuild -project app/app.xcodeproj -scheme app -destination id=0C3A9573-3B4B-4F90-B8D3-D50ECE76B712

Resolve Package Graph


Resolved source packages:
  GoogleDataTransport: https://github.com/google/GoogleDataTransport.git @ 10.1.0
  gRPC: https://github.com/google/grpc-binary.git @ 1.69.1
  GTMSessionFetcher: https://github.com/google/gtm-session-fetcher.git @ 3.5.0
  GTMAppAuth: https://github.com/google/GTMAppAuth.git @ 5.0.0
  AppCheck: https://github.com/google/app-check.git @ 11.2.0
  AppAuth: https://github.com/openid/AppAuth-iOS.git @ 2.0.0
  GoogleAppMeasurement: https://github.com/google/GoogleAppMeasurement.git @ 12.8.0
  GoogleSignIn: https://github.com/google/GoogleSignIn-iOS @ 9.1.0
  GoogleAdsOnDeviceConversion: https://github.com/googleads/google-ads-on-device-conversion-ios-sdk @ 3.2.0
  Firebase: https://github.com/firebase/firebase-ios-sdk @ 12.9.0
  leveldb: https://github.com/firebase/leveldb.git @ 1.22.5
  Promises: https://github.com/google/promises.git @ 2.4.0
  InteropForGoogle: https://github.com/google/interop-ios-for-google-sdks.git @ 101.0.0
  nanopb: https://github.com/firebase/nanopb.git @ 2.30910.0
  abseil: https://github.com/google/abseil-cpp-binary.git @ 1.2024072200.0
  GoogleUtilities: https://github.com/google/GoogleUtilities.git @ 8.1.0

ComputePackagePrebuildTargetDependencyGraph

Prepare packages

CreateBuildRequest

SendProjectDescription

CreateBuildOperation

ComputeTargetDependencyGraph
note: Building targets in dependency order
note: Target dependency graph (94 targets)
    Target 'app' in project 'app'
        ➜ Explicit dependency on target 'GoogleSignInSwift' in project 'GoogleSignIn'
        ➜ Explicit dependency on target 'FirebaseAuth' in project 'Firebase'
        ➜ Explicit dependency on target 'GoogleSignIn' in project 'GoogleSignIn'
        ➜ Explicit dependency on target 'FirebaseFirestore' in project 'Firebase'
        ➜ Explicit dependency on target 'FirebaseAnalytics' in project 'Firebase'
    Target 'FirebaseAnalytics' in project 'Firebase'
        ➜ Explicit dependency on target 'FirebaseAnalyticsTarget' in project 'Firebase'
        ➜ Explicit dependency on target 'Firebase' in project 'Firebase'
        ➜ Explicit dependency on target 'FirebaseCoreInternal' in project 'Firebase'
        ➜ Explicit dependency on target 'FirebaseCore' in project 'Firebase'
        ➜ Explicit dependency on target 'FirebaseInstallations' in project 'Firebase'
        ➜ Explicit dependency on target 'FirebaseAnalyticsWrapper' in project 'Firebase'
        ➜ Explicit dependency on target 'GULNSData' in project 'GoogleUtilities'
        ➜ Explicit dependency on target 'GULEnvironment' in project 'GoogleUtilities'
        ➜ Explicit dependency on target 'GULLogger' in project 'GoogleUtilities'
        ➜ Explicit dependency on target 'FBLPromises' in project 'Promises'
        ➜ Explicit dependency on target 'GULUserDefaults' in project 'GoogleUtilities'
        ➜ Explicit dependency on target 'GoogleAppMeasurement' in project 'GoogleAppMeasurement'
        ➜ Explicit dependency on target 'GULAppDelegateSwizzler' in project 'GoogleUtilities'
        ➜ Explicit dependency on target 'GULMethodSwizzler' in project 'GoogleUtilities'
        ➜ Explicit dependency on target 'GULNetwork' in project 'GoogleUtilities'
        ➜ Explicit dependency on target 'nanopb' in project 'nanopb'
    Target 'FirebaseAnalyticsTarget' in project 'Firebase'
        ➜ Explicit dependency on target 'Firebase' in project 'Firebase'
        ➜ Explicit dependency on target 'FirebaseCoreInternal' in project 'Firebase'
        ➜ Explicit dependency on target 'FirebaseCore' in project 'Firebase'
        ➜ Explicit dependency on target 'FirebaseInstallations' in project 'Firebase'
        ➜ Explicit dependency on target 'FirebaseAnalyticsWrapper' in project 'Firebase'
        ➜ Explicit dependency on target 'GULNSData' in project 'GoogleUtilities'
        ➜ Explicit dependency on target 'GULEnvironment' in project 'GoogleUtilities'
        ➜ Explicit dependency on target 'GULLogger' in project 'GoogleUtilities'
        ➜ Explicit dependency on target 'FBLPromises' in project 'Promises'
        ➜ Explicit dependency on target 'GULUserDefaults' in project 'GoogleUtilities'
        ➜ Explicit dependency on target 'GoogleAppMeasurement' in project 'GoogleAppMeasurement'
        ➜ Explicit dependency on target 'GULAppDelegateSwizzler' in project 'GoogleUtilities'
        ➜ Explicit dependency on target 'GULMethodSwizzler' in project 'GoogleUtilities'
        ➜ Explicit dependency on target 'GULNetwork' in project 'GoogleUtilities'
        ➜ Explicit dependency on target 'nanopb' in project 'nanopb'
    Target 'FirebaseAnalyticsWrapper' in project 'Firebase'
        ➜ Explicit dependency on target 'Firebase' in project 'Firebase'
        ➜ Explicit dependency on target 'FirebaseCoreInternal' in project 'Firebase'
        ➜ Explicit dependency on target 'FirebaseCore' in project 'Firebase'
        ➜ Explicit dependency on target 'FirebaseInstallations' in project 'Firebase'
        ➜ Explicit dependency on target 'GULNSData' in project 'GoogleUtilities'
        ➜ Explicit dependency on target 'GULEnvironment' in project 'GoogleUtilities'
        ➜ Explicit dependency on target 'GULLogger' in project 'GoogleUtilities'
        ➜ Explicit dependency on target 'FBLPromises' in project 'Promises'
        ➜ Explicit dependency on target 'GULUserDefaults' in project 'GoogleUtilities'
        ➜ Explicit dependency on target 'GoogleAppMeasurement' in project 'GoogleAppMeasurement'
        ➜ Explicit dependency on target 'GULAppDelegateSwizzler' in project 'GoogleUtilities'
        ➜ Explicit dependency on target 'GULMethodSwizzler' in project 'GoogleUtilities'
        ➜ Explicit dependency on target 'GULNetwork' in project 'GoogleUtilities'
        ➜ Explicit dependency on target 'nanopb' in project 'nanopb'
    Target 'GoogleAppMeasurement' in project 'GoogleAppMeasurement'
        ➜ Explicit dependency on target 'GoogleAppMeasurementTarget' in project 'GoogleAppMeasurement'
        ➜ Explicit dependency on target 'GULAppDelegateSwizzler' in project 'GoogleUtilities'
        ➜ Explicit dependency on target 'GULMethodSwizzler' in project 'GoogleUtilities'
        ➜ Explicit dependency on target 'GULNSData' in project 'GoogleUtilities'
        ➜ Explicit dependency on target 'GULNetwork' in project 'GoogleUtilities'
        ➜ Explicit dependency on target 'GULLogger' in project 'GoogleUtilities'
        ➜ Explicit dependency on target 'GULEnvironment' in project 'GoogleUtilities'
        ➜ Explicit dependency on target 'nanopb' in project 'nanopb'
        ➜ Explicit dependency on target 'GoogleAdsOnDeviceConversion' in project 'GoogleAdsOnDeviceConversion'
    Target 'GoogleAppMeasurementTarget' in project 'GoogleAppMeasurement'
        ➜ Explicit dependency on target 'GULAppDelegateSwizzler' in project 'GoogleUtilities'
        ➜ Explicit dependency on target 'GULMethodSwizzler' in project 'GoogleUtilities'
        ➜ Explicit dependency on target 'GULNSData' in project 'GoogleUtilities'
        ➜ Explicit dependency on target 'GULNetwork' in project 'GoogleUtilities'
        ➜ Explicit dependency on target 'GULLogger' in project 'GoogleUtilities'
        ➜ Explicit dependency on target 'GULEnvironment' in project 'GoogleUtilities'
        ➜ Explicit dependency on target 'nanopb' in project 'nanopb'
        ➜ Explicit dependency on target 'GoogleAdsOnDeviceConversion' in project 'GoogleAdsOnDeviceConversion'
    Target 'GoogleAdsOnDeviceConversion' in project 'GoogleAdsOnDeviceConversion'
        ➜ Explicit dependency on target 'GoogleAdsOnDeviceConversionTarget' in project 'GoogleAdsOnDeviceConversion'
        ➜ Explicit dependency on target 'GULEnvironment' in project 'GoogleUtilities'
        ➜ Explicit dependency on target 'GULLogger' in project 'GoogleUtilities'
        ➜ Explicit dependency on target 'GULNetwork' in project 'GoogleUtilities'
        ➜ Explicit dependency on target 'nanopb' in project 'nanopb'
    Target 'GoogleAdsOnDeviceConversionTarget' in project 'GoogleAdsOnDeviceConversion'
        ➜ Explicit dependency on target 'GULEnvironment' in project 'GoogleUtilities'
        ➜ Explicit dependency on target 'GULLogger' in project 'GoogleUtilities'
        ➜ Explicit dependency on target 'GULNetwork' in project 'GoogleUtilities'
        ➜ Explicit dependency on target 'nanopb' in project 'nanopb'
    Target 'GULNetwork' in project 'GoogleUtilities'
        ➜ Explicit dependency on target 'GoogleUtilities-Network' in project 'GoogleUtilities'
        ➜ Explicit dependency on target 'GoogleUtilities_GoogleUtilities-Network' in project 'GoogleUtilities'
        ➜ Explicit dependency on target 'third-party-IsAppEncrypted' in project 'GoogleUtilities'
        ➜ Explicit dependency on target 'GoogleUtilities-Environment' in project 'GoogleUtilities'
        ➜ Explicit dependency on target 'GoogleUtilities-Logger' in project 'GoogleUtilities'
        ➜ Explicit dependency on target 'GoogleUtilities-NSData' in project 'GoogleUtilities'
        ➜ Explicit dependency on target 'GoogleUtilities-Reachability' in project 'GoogleUtilities'
    Target 'GULMethodSwizzler' in project 'GoogleUtilities'
        ➜ Explicit dependency on target 'GoogleUtilities-MethodSwizzler' in project 'GoogleUtilities'
        ➜ Explicit dependency on target 'GoogleUtilities_GoogleUtilities-MethodSwizzler' in project 'GoogleUtilities'
        ➜ Explicit dependency on target 'third-party-IsAppEncrypted' in project 'GoogleUtilities'
        ➜ Explicit dependency on target 'GoogleUtilities-Environment' in project 'GoogleUtilities'
        ➜ Explicit dependency on target 'GoogleUtilities-Logger' in project 'GoogleUtilities'
    Target 'GoogleUtilities-MethodSwizzler' in project 'GoogleUtilities'
        ➜ Explicit dependency on target 'GoogleUtilities_GoogleUtilities-MethodSwizzler' in project 'GoogleUtilities'
        ➜ Explicit dependency on target 'third-party-IsAppEncrypted' in project 'GoogleUtilities'
        ➜ Explicit dependency on target 'GoogleUtilities-Environment' in project 'GoogleUtilities'
        ➜ Explicit dependency on target 'GoogleUtilities-Logger' in project 'GoogleUtilities'
    Target 'GoogleUtilities_GoogleUtilities-MethodSwizzler' in project 'GoogleUtilities' (no dependencies)
    Target 'FirebaseInstallations' in project 'Firebase'
        ➜ Explicit dependency on target 'Firebase_FirebaseInstallations' in project 'Firebase'
        ➜ Explicit dependency on target 'Firebase' in project 'Firebase'
        ➜ Explicit dependency on target 'FirebaseCoreInternal' in project 'Firebase'
        ➜ Explicit dependency on target 'FirebaseCore' in project 'Firebase'
        ➜ Explicit dependency on target 'GULNSData' in project 'GoogleUtilities'
        ➜ Explicit dependency on target 'GULEnvironment' in project 'GoogleUtilities'
        ➜ Explicit dependency on target 'GULLogger' in project 'GoogleUtilities'
        ➜ Explicit dependency on target 'FBLPromises' in project 'Promises'
        ➜ Explicit dependency on target 'GULUserDefaults' in project 'GoogleUtilities'
    Target 'Firebase_FirebaseInstallations' in project 'Firebase' (no dependencies)
    Target 'FirebaseFirestore' in project 'Firebase'
        ➜ Explicit dependency on target 'FirebaseFirestoreTarget' in project 'Firebase'
        ➜ Explicit dependency on target 'FirebaseFirestoreInternalWrapper' in project 'Firebase'
        ➜ Explicit dependency on target 'FirebaseAppCheckInterop' in project 'Firebase'
        ➜ Explicit dependency on target 'Firebase' in project 'Firebase'
        ➜ Explicit dependency on target 'FirebaseCoreInternal' in project 'Firebase'
        ➜ Explicit dependency on target 'FirebaseCore' in project 'Firebase'
        ➜ Explicit dependency on target 'FirebaseCoreExtension' in project 'Firebase'
        ➜ Explicit dependency on target 'FirebaseSharedSwift' in project 'Firebase'
        ➜ Explicit dependency on target 'FirebaseFirestore' in project 'Firebase'
        ➜ Explicit dependency on target 'GULNSData' in project 'GoogleUtilities'
        ➜ Explicit dependency on target 'GULEnvironment' in project 'GoogleUtilities'
        ➜ Explicit dependency on target 'GULLogger' in project 'GoogleUtilities'
        ➜ Explicit dependency on target 'abseil' in project 'abseil'
        ➜ Explicit dependency on target 'gRPC-C++' in project 'gRPC'
        ➜ Explicit dependency on target 'nanopb' in project 'nanopb'
        ➜ Explicit dependency on target 'leveldb' in project 'leveldb'
    Target 'FirebaseFirestoreTarget' in project 'Firebase'
        ➜ Explicit dependency on target 'FirebaseFirestoreInternalWrapper' in project 'Firebase'
        ➜ Explicit dependency on target 'FirebaseAppCheckInterop' in project 'Firebase'
        ➜ Explicit dependency on target 'Firebase' in project 'Firebase'
        ➜ Explicit dependency on target 'FirebaseCoreInternal' in project 'Firebase'
        ➜ Explicit dependency on target 'FirebaseCore' in project 'Firebase'
        ➜ Explicit dependency on target 'FirebaseCoreExtension' in project 'Firebase'
        ➜ Explicit dependency on target 'FirebaseSharedSwift' in project 'Firebase'
        ➜ Explicit dependency on target 'FirebaseFirestore' in project 'Firebase'
        ➜ Explicit dependency on target 'GULNSData' in project 'GoogleUtilities'
        ➜ Explicit dependency on target 'GULEnvironment' in project 'GoogleUtilities'
        ➜ Explicit dependency on target 'GULLogger' in project 'GoogleUtilities'
        ➜ Explicit dependency on target 'abseil' in project 'abseil'
        ➜ Explicit dependency on target 'gRPC-C++' in project 'gRPC'
        ➜ Explicit dependency on target 'nanopb' in project 'nanopb'
        ➜ Explicit dependency on target 'leveldb' in project 'leveldb'
    Target 'FirebaseFirestore' in project 'Firebase'
        ➜ Explicit dependency on target 'Firebase_FirebaseFirestore' in project 'Firebase'
        ➜ Explicit dependency on target 'FirebaseFirestoreInternalWrapper' in project 'Firebase'
        ➜ Explicit dependency on target 'FirebaseAppCheckInterop' in project 'Firebase'
        ➜ Explicit dependency on target 'Firebase' in project 'Firebase'
        ➜ Explicit dependency on target 'FirebaseCoreInternal' in project 'Firebase'
        ➜ Explicit dependency on target 'FirebaseCore' in project 'Firebase'
        ➜ Explicit dependency on target 'FirebaseCoreExtension' in project 'Firebase'
        ➜ Explicit dependency on target 'FirebaseSharedSwift' in project 'Firebase'
        ➜ Explicit dependency on target 'GULNSData' in project 'GoogleUtilities'
        ➜ Explicit dependency on target 'GULEnvironment' in project 'GoogleUtilities'
        ➜ Explicit dependency on target 'GULLogger' in project 'GoogleUtilities'
        ➜ Explicit dependency on target 'abseil' in project 'abseil'
        ➜ Explicit dependency on target 'gRPC-C++' in project 'gRPC'
        ➜ Explicit dependency on target 'nanopb' in project 'nanopb'
        ➜ Explicit dependency on target 'leveldb' in project 'leveldb'
    Target 'leveldb' in project 'leveldb'
        ➜ Explicit dependency on target 'leveldb' in project 'leveldb'
        ➜ Explicit dependency on target 'leveldb_leveldb' in project 'leveldb'
    Target 'leveldb' in project 'leveldb'
        ➜ Explicit dependency on target 'leveldb_leveldb' in project 'leveldb'
    Target 'leveldb_leveldb' in project 'leveldb' (no dependencies)
    Target 'nanopb' in project 'nanopb'
        ➜ Explicit dependency on target 'nanopb' in project 'nanopb'
        ➜ Explicit dependency on target 'nanopb_nanopb' in project 'nanopb'
    Target 'nanopb' in project 'nanopb'
        ➜ Explicit dependency on target 'nanopb_nanopb' in project 'nanopb'
    Target 'nanopb_nanopb' in project 'nanopb' (no dependencies)
    Target 'gRPC-C++' in project 'gRPC'
        ➜ Explicit dependency on target 'grpcppWrapper' in project 'gRPC'
        ➜ Explicit dependency on target 'gRPC_grpcppWrapper' in project 'gRPC'
        ➜ Explicit dependency on target 'grpcWrapper' in project 'gRPC'
        ➜ Explicit dependency on target 'opensslWrapper' in project 'gRPC'
        ➜ Explicit dependency on target 'abseil' in project 'abseil'
    Target 'grpcppWrapper' in project 'gRPC'
        ➜ Explicit dependency on target 'gRPC_grpcppWrapper' in project 'gRPC'
        ➜ Explicit dependency on target 'grpcWrapper' in project 'gRPC'
        ➜ Explicit dependency on target 'opensslWrapper' in project 'gRPC'
        ➜ Explicit dependency on target 'abseil' in project 'abseil'
    Target 'opensslWrapper' in project 'gRPC'
        ➜ Explicit dependency on target 'gRPC_opensslWrapper' in project 'gRPC'
    Target 'gRPC_opensslWrapper' in project 'gRPC' (no dependencies)
    Target 'grpcWrapper' in project 'gRPC'
        ➜ Explicit dependency on target 'gRPC_grpcWrapper' in project 'gRPC'
    Target 'gRPC_grpcWrapper' in project 'gRPC' (no dependencies)
    Target 'gRPC_grpcppWrapper' in project 'gRPC' (no dependencies)
    Target 'abseil' in project 'abseil'
        ➜ Explicit dependency on target 'abslWrapper' in project 'abseil'
        ➜ Explicit dependency on target 'abseil_abslWrapper' in project 'abseil'
    Target 'abslWrapper' in project 'abseil'
        ➜ Explicit dependency on target 'abseil_abslWrapper' in project 'abseil'
    Target 'abseil_abslWrapper' in project 'abseil' (no dependencies)
    Target 'Firebase_FirebaseFirestore' in project 'Firebase' (no dependencies)
    Target 'FirebaseSharedSwift' in project 'Firebase' (no dependencies)
    Target 'FirebaseFirestoreInternalWrapper' in project 'Firebase' (no dependencies)
    Target 'GoogleSignIn' in project 'GoogleSignIn'
        ➜ Explicit dependency on target 'GoogleSignIn' in project 'GoogleSignIn'
        ➜ Explicit dependency on target 'GoogleSignIn_GoogleSignIn' in project 'GoogleSignIn'
        ➜ Explicit dependency on target 'AppAuth' in project 'AppAuth'
        ➜ Explicit dependency on target 'AppAuthCore' in project 'AppAuth'
        ➜ Explicit dependency on target 'AppCheckCore' in project 'AppCheck'
        ➜ Explicit dependency on target 'GTMAppAuth' in project 'GTMAppAuth'
        ➜ Explicit dependency on target 'GTMSessionFetcherCore' in project 'GTMSessionFetcher'
    Target 'FirebaseAuth' in project 'Firebase'
        ➜ Explicit dependency on target 'FirebaseAuth' in project 'Firebase'
        ➜ Explicit dependency on target 'Firebase_FirebaseAuth' in project 'Firebase'
        ➜ Explicit dependency on target 'FirebaseAppCheckInterop' in project 'Firebase'
        ➜ Explicit dependency on target 'FirebaseAuthInterop' in project 'Firebase'
        ➜ Explicit dependency on target 'FirebaseAuthInternal' in project 'Firebase'
        ➜ Explicit dependency on target 'Firebase' in project 'Firebase'
        ➜ Explicit dependency on target 'FirebaseCoreInternal' in project 'Firebase'
        ➜ Explicit dependency on target 'FirebaseCore' in project 'Firebase'
        ➜ Explicit dependency on target 'FirebaseCoreExtension' in project 'Firebase'
        ➜ Explicit dependency on target 'RecaptchaInterop' in project 'InteropForGoogle'
        ➜ Explicit dependency on target 'GULNSData' in project 'GoogleUtilities'
        ➜ Explicit dependency on target 'GULEnvironment' in project 'GoogleUtilities'
        ➜ Explicit dependency on target 'GULLogger' in project 'GoogleUtilities'
        ➜ Explicit dependency on target 'GULAppDelegateSwizzler' in project 'GoogleUtilities'
        ➜ Explicit dependency on target 'GTMSessionFetcherCore' in project 'GTMSessionFetcher'
    Target 'FirebaseAuth' in project 'Firebase'
        ➜ Explicit dependency on target 'Firebase_FirebaseAuth' in project 'Firebase'
        ➜ Explicit dependency on target 'FirebaseAppCheckInterop' in project 'Firebase'
        ➜ Explicit dependency on target 'FirebaseAuthInterop' in project 'Firebase'
        ➜ Explicit dependency on target 'FirebaseAuthInternal' in project 'Firebase'
        ➜ Explicit dependency on target 'Firebase' in project 'Firebase'
        ➜ Explicit dependency on target 'FirebaseCoreInternal' in project 'Firebase'
        ➜ Explicit dependency on target 'FirebaseCore' in project 'Firebase'
        ➜ Explicit dependency on target 'FirebaseCoreExtension' in project 'Firebase'
        ➜ Explicit dependency on target 'RecaptchaInterop' in project 'InteropForGoogle'
        ➜ Explicit dependency on target 'GULNSData' in project 'GoogleUtilities'
        ➜ Explicit dependency on target 'GULEnvironment' in project 'GoogleUtilities'
        ➜ Explicit dependency on target 'GULLogger' in project 'GoogleUtilities'
        ➜ Explicit dependency on target 'GULAppDelegateSwizzler' in project 'GoogleUtilities'
        ➜ Explicit dependency on target 'GTMSessionFetcherCore' in project 'GTMSessionFetcher'
    Target 'GULAppDelegateSwizzler' in project 'GoogleUtilities'
        ➜ Explicit dependency on target 'GoogleUtilities-AppDelegateSwizzler' in project 'GoogleUtilities'
        ➜ Explicit dependency on target 'GoogleUtilities_GoogleUtilities-AppDelegateSwizzler' in project 'GoogleUtilities'
        ➜ Explicit dependency on target 'third-party-IsAppEncrypted' in project 'GoogleUtilities'
        ➜ Explicit dependency on target 'GoogleUtilities-Environment' in project 'GoogleUtilities'
        ➜ Explicit dependency on target 'GoogleUtilities-Logger' in project 'GoogleUtilities'
        ➜ Explicit dependency on target 'GoogleUtilities-NSData' in project 'GoogleUtilities'
        ➜ Explicit dependency on target 'GoogleUtilities-Reachability' in project 'GoogleUtilities'
        ➜ Explicit dependency on target 'GoogleUtilities-Network' in project 'GoogleUtilities'
    Target 'GoogleUtilities-AppDelegateSwizzler' in project 'GoogleUtilities'
        ➜ Explicit dependency on target 'GoogleUtilities_GoogleUtilities-AppDelegateSwizzler' in project 'GoogleUtilities'
        ➜ Explicit dependency on target 'third-party-IsAppEncrypted' in project 'GoogleUtilities'
        ➜ Explicit dependency on target 'GoogleUtilities-Environment' in project 'GoogleUtilities'
        ➜ Explicit dependency on target 'GoogleUtilities-Logger' in project 'GoogleUtilities'
        ➜ Explicit dependency on target 'GoogleUtilities-NSData' in project 'GoogleUtilities'
        ➜ Explicit dependency on target 'GoogleUtilities-Reachability' in project 'GoogleUtilities'
        ➜ Explicit dependency on target 'GoogleUtilities-Network' in project 'GoogleUtilities'
    Target 'GoogleUtilities-Network' in project 'GoogleUtilities'
        ➜ Explicit dependency on target 'GoogleUtilities_GoogleUtilities-Network' in project 'GoogleUtilities'
        ➜ Explicit dependency on target 'third-party-IsAppEncrypted' in project 'GoogleUtilities'
        ➜ Explicit dependency on target 'GoogleUtilities-Environment' in project 'GoogleUtilities'
        ➜ Explicit dependency on target 'GoogleUtilities-Logger' in project 'GoogleUtilities'
        ➜ Explicit dependency on target 'GoogleUtilities-NSData' in project 'GoogleUtilities'
        ➜ Explicit dependency on target 'GoogleUtilities-Reachability' in project 'GoogleUtilities'
    Target 'GoogleUtilities_GoogleUtilities-Network' in project 'GoogleUtilities' (no dependencies)
    Target 'GoogleUtilities-Reachability' in project 'GoogleUtilities'
        ➜ Explicit dependency on target 'GoogleUtilities_GoogleUtilities-Reachability' in project 'GoogleUtilities'
        ➜ Explicit dependency on target 'third-party-IsAppEncrypted' in project 'GoogleUtilities'
        ➜ Explicit dependency on target 'GoogleUtilities-Environment' in project 'GoogleUtilities'
        ➜ Explicit dependency on target 'GoogleUtilities-Logger' in project 'GoogleUtilities'
    Target 'GoogleUtilities_GoogleUtilities-Reachability' in project 'GoogleUtilities' (no dependencies)
    Target 'GoogleUtilities_GoogleUtilities-AppDelegateSwizzler' in project 'GoogleUtilities' (no dependencies)
    Target 'FirebaseCoreExtension' in project 'Firebase'
        ➜ Explicit dependency on target 'Firebase_FirebaseCoreExtension' in project 'Firebase'
    Target 'Firebase_FirebaseCoreExtension' in project 'Firebase' (no dependencies)
    Target 'FirebaseCore' in project 'Firebase'
        ➜ Explicit dependency on target 'Firebase_FirebaseCore' in project 'Firebase'
        ➜ Explicit dependency on target 'Firebase' in project 'Firebase'
        ➜ Explicit dependency on target 'FirebaseCoreInternal' in project 'Firebase'
        ➜ Explicit dependency on target 'GULNSData' in project 'GoogleUtilities'
        ➜ Explicit dependency on target 'GULEnvironment' in project 'GoogleUtilities'
        ➜ Explicit dependency on target 'GULLogger' in project 'GoogleUtilities'
    Target 'GULLogger' in project 'GoogleUtilities'
        ➜ Explicit dependency on target 'GoogleUtilities-Logger' in project 'GoogleUtilities'
        ➜ Explicit dependency on target 'GoogleUtilities_GoogleUtilities-Logger' in project 'GoogleUtilities'
        ➜ Explicit dependency on target 'third-party-IsAppEncrypted' in project 'GoogleUtilities'
        ➜ Explicit dependency on target 'GoogleUtilities-Environment' in project 'GoogleUtilities'
    Target 'Firebase_FirebaseCore' in project 'Firebase' (no dependencies)
    Target 'FirebaseCoreInternal' in project 'Firebase'
        ➜ Explicit dependency on target 'Firebase_FirebaseCoreInternal' in project 'Firebase'
        ➜ Explicit dependency on target 'GULNSData' in project 'GoogleUtilities'
    Target 'GULNSData' in project 'GoogleUtilities'
        ➜ Explicit dependency on target 'GoogleUtilities-NSData' in project 'GoogleUtilities'
        ➜ Explicit dependency on target 'GoogleUtilities_GoogleUtilities-NSData' in project 'GoogleUtilities'
    Target 'GoogleUtilities-NSData' in project 'GoogleUtilities'
        ➜ Explicit dependency on target 'GoogleUtilities_GoogleUtilities-NSData' in project 'GoogleUtilities'
    Target 'GoogleUtilities_GoogleUtilities-NSData' in project 'GoogleUtilities' (no dependencies)
    Target 'Firebase_FirebaseCoreInternal' in project 'Firebase' (no dependencies)
    Target 'Firebase' in project 'Firebase' (no dependencies)
    Target 'FirebaseAuthInternal' in project 'Firebase'
        ➜ Explicit dependency on target 'RecaptchaInterop' in project 'InteropForGoogle'
    Target 'RecaptchaInterop' in project 'InteropForGoogle'
        ➜ Explicit dependency on target 'RecaptchaInterop' in project 'InteropForGoogle'
    Target 'RecaptchaInterop' in project 'InteropForGoogle' (no dependencies)
    Target 'FirebaseAuthInterop' in project 'Firebase' (no dependencies)
    Target 'FirebaseAppCheckInterop' in project 'Firebase' (no dependencies)
    Target 'Firebase_FirebaseAuth' in project 'Firebase' (no dependencies)
    Target 'GoogleSignInSwift' in project 'GoogleSignIn'
        ➜ Explicit dependency on target 'GoogleSignInSwift' in project 'GoogleSignIn'
        ➜ Explicit dependency on target 'GoogleSignIn_GoogleSignInSwift' in project 'GoogleSignIn'
        ➜ Explicit dependency on target 'GoogleSignIn' in project 'GoogleSignIn'
        ➜ Explicit dependency on target 'AppAuth' in project 'AppAuth'
        ➜ Explicit dependency on target 'AppAuthCore' in project 'AppAuth'
        ➜ Explicit dependency on target 'AppCheckCore' in project 'AppCheck'
        ➜ Explicit dependency on target 'GTMAppAuth' in project 'GTMAppAuth'
        ➜ Explicit dependency on target 'GTMSessionFetcherCore' in project 'GTMSessionFetcher'
    Target 'GoogleSignInSwift' in project 'GoogleSignIn'
        ➜ Explicit dependency on target 'GoogleSignIn_GoogleSignInSwift' in project 'GoogleSignIn'
        ➜ Explicit dependency on target 'GoogleSignIn' in project 'GoogleSignIn'
        ➜ Explicit dependency on target 'AppAuth' in project 'AppAuth'
        ➜ Explicit dependency on target 'AppAuthCore' in project 'AppAuth'
        ➜ Explicit dependency on target 'AppCheckCore' in project 'AppCheck'
        ➜ Explicit dependency on target 'GTMAppAuth' in project 'GTMAppAuth'
        ➜ Explicit dependency on target 'GTMSessionFetcherCore' in project 'GTMSessionFetcher'
    Target 'GoogleSignIn' in project 'GoogleSignIn'
        ➜ Explicit dependency on target 'GoogleSignIn_GoogleSignIn' in project 'GoogleSignIn'
        ➜ Explicit dependency on target 'AppAuth' in project 'AppAuth'
        ➜ Explicit dependency on target 'AppAuthCore' in project 'AppAuth'
        ➜ Explicit dependency on target 'AppCheckCore' in project 'AppCheck'
        ➜ Explicit dependency on target 'GTMAppAuth' in project 'GTMAppAuth'
        ➜ Explicit dependency on target 'GTMSessionFetcherCore' in project 'GTMSessionFetcher'
    Target 'GTMAppAuth' in project 'GTMAppAuth'
        ➜ Explicit dependency on target 'GTMAppAuth' in project 'GTMAppAuth'
        ➜ Explicit dependency on target 'GTMAppAuth_GTMAppAuth' in project 'GTMAppAuth'
        ➜ Explicit dependency on target 'GTMSessionFetcherCore' in project 'GTMSessionFetcher'
        ➜ Explicit dependency on target 'AppAuthCore' in project 'AppAuth'
    Target 'GTMAppAuth' in project 'GTMAppAuth'
        ➜ Explicit dependency on target 'GTMAppAuth_GTMAppAuth' in project 'GTMAppAuth'
        ➜ Explicit dependency on target 'GTMSessionFetcherCore' in project 'GTMSessionFetcher'
        ➜ Explicit dependency on target 'AppAuthCore' in project 'AppAuth'
    Target 'GTMSessionFetcherCore' in project 'GTMSessionFetcher'
        ➜ Explicit dependency on target 'GTMSessionFetcherCore' in project 'GTMSessionFetcher'
        ➜ Explicit dependency on target 'GTMSessionFetcher_GTMSessionFetcherCore' in project 'GTMSessionFetcher'
    Target 'GTMSessionFetcherCore' in project 'GTMSessionFetcher'
        ➜ Explicit dependency on target 'GTMSessionFetcher_GTMSessionFetcherCore' in project 'GTMSessionFetcher'
    Target 'GTMSessionFetcher_GTMSessionFetcherCore' in project 'GTMSessionFetcher' (no dependencies)
    Target 'GTMAppAuth_GTMAppAuth' in project 'GTMAppAuth' (no dependencies)
    Target 'AppCheckCore' in project 'AppCheck'
        ➜ Explicit dependency on target 'AppCheckCore' in project 'AppCheck'
        ➜ Explicit dependency on target 'FBLPromises' in project 'Promises'
        ➜ Explicit dependency on target 'GULEnvironment' in project 'GoogleUtilities'
        ➜ Explicit dependency on target 'GULUserDefaults' in project 'GoogleUtilities'
    Target 'AppCheckCore' in project 'AppCheck'
        ➜ Explicit dependency on target 'FBLPromises' in project 'Promises'
        ➜ Explicit dependency on target 'GULEnvironment' in project 'GoogleUtilities'
        ➜ Explicit dependency on target 'GULUserDefaults' in project 'GoogleUtilities'
    Target 'GULUserDefaults' in project 'GoogleUtilities'
        ➜ Explicit dependency on target 'GoogleUtilities-UserDefaults' in project 'GoogleUtilities'
        ➜ Explicit dependency on target 'GoogleUtilities_GoogleUtilities-UserDefaults' in project 'GoogleUtilities'
        ➜ Explicit dependency on target 'third-party-IsAppEncrypted' in project 'GoogleUtilities'
        ➜ Explicit dependency on target 'GoogleUtilities-Environment' in project 'GoogleUtilities'
        ➜ Explicit dependency on target 'GoogleUtilities-Logger' in project 'GoogleUtilities'
    Target 'GoogleUtilities-UserDefaults' in project 'GoogleUtilities'
        ➜ Explicit dependency on target 'GoogleUtilities_GoogleUtilities-UserDefaults' in project 'GoogleUtilities'
        ➜ Explicit dependency on target 'third-party-IsAppEncrypted' in project 'GoogleUtilities'
        ➜ Explicit dependency on target 'GoogleUtilities-Environment' in project 'GoogleUtilities'
        ➜ Explicit dependency on target 'GoogleUtilities-Logger' in project 'GoogleUtilities'
    Target 'GoogleUtilities-Logger' in project 'GoogleUtilities'
        ➜ Explicit dependency on target 'GoogleUtilities_GoogleUtilities-Logger' in project 'GoogleUtilities'
        ➜ Explicit dependency on target 'third-party-IsAppEncrypted' in project 'GoogleUtilities'
        ➜ Explicit dependency on target 'GoogleUtilities-Environment' in project 'GoogleUtilities'
    Target 'GoogleUtilities_GoogleUtilities-Logger' in project 'GoogleUtilities' (no dependencies)
    Target 'GoogleUtilities_GoogleUtilities-UserDefaults' in project 'GoogleUtilities' (no dependencies)
    Target 'GULEnvironment' in project 'GoogleUtilities'
        ➜ Explicit dependency on target 'GoogleUtilities-Environment' in project 'GoogleUtilities'
        ➜ Explicit dependency on target 'GoogleUtilities_GoogleUtilities-Environment' in project 'GoogleUtilities'
        ➜ Explicit dependency on target 'third-party-IsAppEncrypted' in project 'GoogleUtilities'
    Target 'GoogleUtilities-Environment' in project 'GoogleUtilities'
        ➜ Explicit dependency on target 'GoogleUtilities_GoogleUtilities-Environment' in project 'GoogleUtilities'
        ➜ Explicit dependency on target 'third-party-IsAppEncrypted' in project 'GoogleUtilities'
    Target 'third-party-IsAppEncrypted' in project 'GoogleUtilities' (no dependencies)
    Target 'GoogleUtilities_GoogleUtilities-Environment' in project 'GoogleUtilities' (no dependencies)
    Target 'FBLPromises' in project 'Promises'
        ➜ Explicit dependency on target 'FBLPromises' in project 'Promises'
        ➜ Explicit dependency on target 'Promises_FBLPromises' in project 'Promises'
    Target 'FBLPromises' in project 'Promises'
        ➜ Explicit dependency on target 'Promises_FBLPromises' in project 'Promises'
    Target 'Promises_FBLPromises' in project 'Promises' (no dependencies)
    Target 'AppAuthCore' in project 'AppAuth'
        ➜ Explicit dependency on target 'AppAuthCore' in project 'AppAuth'
        ➜ Explicit dependency on target 'AppAuth_AppAuthCore' in project 'AppAuth'
    Target 'AppAuth' in project 'AppAuth'
        ➜ Explicit dependency on target 'AppAuth' in project 'AppAuth'
        ➜ Explicit dependency on target 'AppAuth_AppAuth' in project 'AppAuth'
        ➜ Explicit dependency on target 'AppAuthCore' in project 'AppAuth'
    Target 'AppAuth' in project 'AppAuth'
        ➜ Explicit dependency on target 'AppAuth_AppAuth' in project 'AppAuth'
        ➜ Explicit dependency on target 'AppAuthCore' in project 'AppAuth'
    Target 'AppAuthCore' in project 'AppAuth'
        ➜ Explicit dependency on target 'AppAuth_AppAuthCore' in project 'AppAuth'
    Target 'AppAuth_AppAuthCore' in project 'AppAuth' (no dependencies)
    Target 'AppAuth_AppAuth' in project 'AppAuth' (no dependencies)
    Target 'GoogleSignIn_GoogleSignIn' in project 'GoogleSignIn' (no dependencies)
    Target 'GoogleSignIn_GoogleSignInSwift' in project 'GoogleSignIn' (no dependencies)

GatherProvisioningInputs

CreateBuildDescription

ClangStatCache /Applications/Xcode.app/Contents/Developer/Toolchains/XcodeDefault.xctoolchain/usr/bin/clang-stat-cache /Applications/Xcode.app/Contents/Developer/Platforms/iPhoneSimulator.platform/Developer/SDKs/iPhoneSimulator26.2.sdk /Users/andre/Library/Developer/Xcode/DerivedData/SDKStatCaches.noindex/iphonesimulator26.2-23C53-7d00a8b37fbd7999ea79df8ebc024bf0.sdkstatcache
    cd /Users/andre/Desktop/Endeavor\ Antigravity/app/app.xcodeproj
    /Applications/Xcode.app/Contents/Developer/Toolchains/XcodeDefault.xctoolchain/usr/bin/clang-stat-cache /Applications/Xcode.app/Contents/Developer/Platforms/iPhoneSimulator.platform/Developer/SDKs/iPhoneSimulator26.2.sdk -o /Users/andre/Library/Developer/Xcode/DerivedData/SDKStatCaches.noindex/iphonesimulator26.2-23C53-7d00a8b37fbd7999ea79df8ebc024bf0.sdkstatcache

SwiftDriver app normal arm64 com.apple.xcode.tools.swift.compiler (in target 'app' from project 'app')
    cd /Users/andre/Desktop/Endeavor\ Antigravity/app
    builtin-SwiftDriver -- /Applications/Xcode.app/Contents/Developer/Toolchains/XcodeDefault.xctoolchain/usr/bin/swiftc -module-name app -Onone -enforce-exclusivity\=checked @/Users/andre/Library/Developer/Xcode/DerivedData/app-amtohzntpgaslmftgwuebcooidch/Build/Intermediates.noindex/app.build/Debug-iphonesimulator/app.build/Objects-normal/arm64/app.SwiftFileList -DDEBUG -Xcc -fmodule-map-file\=/Users/andre/Library/Developer/Xcode/DerivedData/app-amtohzntpgaslmftgwuebcooidch/Build/Intermediates.noindex/GeneratedModuleMaps-iphonesimulator/RecaptchaInterop.modulemap -Xcc -fmodule-map-file\=/Users/andre/Library/Developer/Xcode/DerivedData/app-amtohzntpgaslmftgwuebcooidch/Build/Intermediates.noindex/GeneratedModuleMaps-iphonesimulator/FirebaseAuthInternal.modulemap -Xcc -fmodule-map-file\=/Users/andre/Library/Developer/Xcode/DerivedData/app-amtohzntpgaslmftgwuebcooidch/Build/Intermediates.noindex/GeneratedModuleMaps-iphonesimulator/FirebaseAuthInterop.modulemap -Xcc -fmodule-map-file\=/Users/andre/Library/Developer/Xcode/DerivedData/app-amtohzntpgaslmftgwuebcooidch/Build/Intermediates.noindex/GeneratedModuleMaps-iphonesimulator/AppAuth.modulemap -Xcc -fmodule-map-file\=/Users/andre/Library/Developer/Xcode/DerivedData/app-amtohzntpgaslmftgwuebcooidch/Build/Intermediates.noindex/GeneratedModuleMaps-iphonesimulator/AppAuthCore.modulemap -Xcc -fmodule-map-file\=/Users/andre/Library/Developer/Xcode/DerivedData/app-amtohzntpgaslmftgwuebcooidch/Build/Intermediates.noindex/GeneratedModuleMaps-iphonesimulator/AppCheckCore.modulemap -Xcc -fmodule-map-file\=/Users/andre/Library/Developer/Xcode/DerivedData/app-amtohzntpgaslmftgwuebcooidch/Build/Intermediates.noindex/GeneratedModuleMaps-iphonesimulator/GTMSessionFetcherCore.modulemap -Xcc -fmodule-map-file\=/Users/andre/Library/Developer/Xcode/DerivedData/app-amtohzntpgaslmftgwuebcooidch/Build/Intermediates.noindex/GeneratedModuleMaps-iphonesimulator/GoogleSignIn.modulemap -Xcc -fmodule-map-file\=/Users/andre/Library/Developer/Xcode/DerivedData/app-amtohzntpgaslmftgwuebcooidch/Build/Intermediates.noindex/GeneratedModuleMaps-iphonesimulator/abslWrapper.modulemap -Xcc -fmodule-map-file\=/Users/andre/Library/Developer/Xcode/DerivedData/app-amtohzntpgaslmftgwuebcooidch/Build/Intermediates.noindex/GeneratedModuleMaps-iphonesimulator/opensslWrapper.modulemap -Xcc -fmodule-map-file\=/Users/andre/Library/Developer/Xcode/DerivedData/app-amtohzntpgaslmftgwuebcooidch/Build/Intermediates.noindex/GeneratedModuleMaps-iphonesimulator/grpcWrapper.modulemap -Xcc -fmodule-map-file\=/Users/andre/Library/Developer/Xcode/DerivedData/app-amtohzntpgaslmftgwuebcooidch/Build/Intermediates.noindex/GeneratedModuleMaps-iphonesimulator/grpcppWrapper.modulemap -Xcc -fmodule-map-file\=/Users/andre/Library/Developer/Xcode/DerivedData/app-amtohzntpgaslmftgwuebcooidch/Build/Intermediates.noindex/GeneratedModuleMaps-iphonesimulator/leveldb.modulemap -Xcc -fmodule-map-file\=/Users/andre/Library/Developer/Xcode/DerivedData/app-amtohzntpgaslmftgwuebcooidch/Build/Intermediates.noindex/GeneratedModuleMaps-iphonesimulator/FirebaseCoreExtension.modulemap -Xcc -fmodule-map-file\=/Users/andre/Library/Developer/Xcode/DerivedData/app-amtohzntpgaslmftgwuebcooidch/Build/Intermediates.noindex/GeneratedModuleMaps-iphonesimulator/FirebaseAppCheckInterop.modulemap -Xcc -fmodule-map-file\=/Users/andre/Library/Developer/Xcode/DerivedData/app-amtohzntpgaslmftgwuebcooidch/Build/Intermediates.noindex/GeneratedModuleMaps-iphonesimulator/FirebaseFirestoreInternalWrapper.modulemap -Xcc -fmodule-map-file\=/Users/andre/Library/Developer/Xcode/DerivedData/app-amtohzntpgaslmftgwuebcooidch/Build/Intermediates.noindex/GeneratedModuleMaps-iphonesimulator/FirebaseFirestoreTarget.modulemap -Xcc -fmodule-map-file\=/Users/andre/Library/Developer/Xcode/DerivedData/app-amtohzntpgaslmftgwuebcooidch/Build/Intermediates.noindex/GeneratedModuleMaps-iphonesimulator/GoogleUtilities-UserDefaults.modulemap -Xcc -fmodule-map-file\=/Users/andre/Library/Developer/Xcode/DerivedData/app-amtohzntpgaslmftgwuebcooidch/Build/Intermediates.noindex/GeneratedModuleMaps-iphonesimulator/GoogleAdsOnDeviceConversionTarget.modulemap -Xcc -fmodule-map-file\=/Users/andre/Library/Developer/Xcode/DerivedData/app-amtohzntpgaslmftgwuebcooidch/Build/Intermediates.noindex/GeneratedModuleMaps-iphonesimulator/GoogleAppMeasurementTarget.modulemap -Xcc -fmodule-map-file\=/Users/andre/Library/Developer/Xcode/DerivedData/app-amtohzntpgaslmftgwuebcooidch/Build/Intermediates.noindex/GeneratedModuleMaps-iphonesimulator/GoogleUtilities-AppDelegateSwizzler.modulemap -Xcc -fmodule-map-file\=/Users/andre/Library/Developer/Xcode/DerivedData/app-amtohzntpgaslmftgwuebcooidch/Build/Intermediates.noindex/GeneratedModuleMaps-iphonesimulator/GoogleUtilities-MethodSwizzler.modulemap -Xcc -fmodule-map-file\=/Users/andre/Library/Developer/Xcode/DerivedData/app-amtohzntpgaslmftgwuebcooidch/Build/Intermediates.noindex/GeneratedModuleMaps-iphonesimulator/GoogleUtilities-Reachability.modulemap -Xcc -fmodule-map-file\=/Users/andre/Library/Developer/Xcode/DerivedData/app-amtohzntpgaslmftgwuebcooidch/Build/Intermediates.noindex/GeneratedModuleMaps-iphonesimulator/GoogleUtilities-NSData.modulemap -Xcc -fmodule-map-file\=/Users/andre/Library/Developer/Xcode/DerivedData/app-amtohzntpgaslmftgwuebcooidch/Build/Intermediates.noindex/GeneratedModuleMaps-iphonesimulator/GoogleUtilities-Logger.modulemap -Xcc -fmodule-map-file\=/Users/andre/Library/Developer/Xcode/DerivedData/app-amtohzntpgaslmftgwuebcooidch/Build/Intermediates.noindex/GeneratedModuleMaps-iphonesimulator/GoogleUtilities-Environment.modulemap -Xcc -fmodule-map-file\=/Users/andre/Library/Developer/Xcode/DerivedData/app-amtohzntpgaslmftgwuebcooidch/Build/Intermediates.noindex/GeneratedModuleMaps-iphonesimulator/third-party-IsAppEncrypted.modulemap -Xcc -fmodule-map-file\=/Users/andre/Library/Developer/Xcode/DerivedData/app-amtohzntpgaslmftgwuebcooidch/Build/Intermediates.noindex/GeneratedModuleMaps-iphonesimulator/GoogleUtilities-Network.modulemap -Xcc -fmodule-map-file\=/Users/andre/Library/Developer/Xcode/DerivedData/app-amtohzntpgaslmftgwuebcooidch/Build/Intermediates.noindex/GeneratedModuleMaps-iphonesimulator/nanopb.modulemap -Xcc -fmodule-map-file\=/Users/andre/Library/Developer/Xcode/DerivedData/app-amtohzntpgaslmftgwuebcooidch/Build/Intermediates.noindex/GeneratedModuleMaps-iphonesimulator/FirebaseAnalyticsWrapper.modulemap -Xcc -fmodule-map-file\=/Users/andre/Library/Developer/Xcode/DerivedData/app-amtohzntpgaslmftgwuebcooidch/Build/Intermediates.noindex/GeneratedModuleMaps-iphonesimulator/FirebaseInstallations.modulemap -Xcc -fmodule-map-file\=/Users/andre/Library/Developer/Xcode/DerivedData/app-amtohzntpgaslmftgwuebcooidch/Build/Intermediates.noindex/GeneratedModuleMaps-iphonesimulator/FirebaseCore.modulemap -Xcc -fmodule-map-file\=/Users/andre/Library/Developer/Xcode/DerivedData/app-amtohzntpgaslmftgwuebcooidch/Build/Intermediates.noindex/GeneratedModuleMaps-iphonesimulator/FirebaseAnalyticsTarget.modulemap -default-isolation\=MainActor -enable-bare-slash-regex -enable-upcoming-feature DisableOutwardActorInference -enable-upcoming-feature InferSendableFromCaptures -enable-upcoming-feature GlobalActorIsolatedTypesUsability -enable-upcoming-feature MemberImportVisibility -enable-upcoming-feature InferIsolatedConformances -enable-upcoming-feature NonisolatedNonsendingByDefault -enable-experimental-feature DebugDescriptionMacro -sdk /Applications/Xcode.app/Contents/Developer/Platforms/iPhoneSimulator.platform/Developer/SDKs/iPhoneSimulator26.2.sdk -target arm64-apple-ios26.2-simulator -g -module-cache-path /Users/andre/Library/Developer/Xcode/DerivedData/ModuleCache.noindex -Xfrontend -serialize-debugging-options -enable-testing -index-store-path /Users/andre/Library/Developer/Xcode/DerivedData/app-amtohzntpgaslmftgwuebcooidch/Index.noindex/DataStore -Xcc -D_LIBCPP_HARDENING_MODE\=_LIBCPP_HARDENING_MODE_DEBUG -swift-version 5 -I /Users/andre/Library/Developer/Xcode/DerivedData/app-amtohzntpgaslmftgwuebcooidch/Build/Products/Debug-iphonesimulator -F /Users/andre/Library/Developer/Xcode/DerivedData/app-amtohzntpgaslmftgwuebcooidch/Build/Products/Debug-iphonesimulator/PackageFrameworks -F /Users/andre/Library/Developer/Xcode/DerivedData/app-amtohzntpgaslmftgwuebcooidch/Build/Products/Debug-iphonesimulator/PackageFrameworks -F /Users/andre/Library/Developer/Xcode/DerivedData/app-amtohzntpgaslmftgwuebcooidch/Build/Products/Debug-iphonesimulator/PackageFrameworks -F /Users/andre/Library/Developer/Xcode/DerivedData/app-amtohzntpgaslmftgwuebcooidch/Build/Products/Debug-iphonesimulator/PackageFrameworks -F /Users/andre/Library/Developer/Xcode/DerivedData/app-amtohzntpgaslmftgwuebcooidch/Build/Products/Debug-iphonesimulator/PackageFrameworks -F /Users/andre/Library/Developer/Xcode/DerivedData/app-amtohzntpgaslmftgwuebcooidch/Build/Products/Debug-iphonesimulator/PackageFrameworks -F /Users/andre/Library/Developer/Xcode/DerivedData/app-amtohzntpgaslmftgwuebcooidch/Build/Products/Debug-iphonesimulator/PackageFrameworks -F /Users/andre/Library/Developer/Xcode/DerivedData/app-amtohzntpgaslmftgwuebcooidch/Build/Products/Debug-iphonesimulator/PackageFrameworks -F /Users/andre/Library/Developer/Xcode/DerivedData/app-amtohzntpgaslmftgwuebcooidch/Build/Products/Debug-iphonesimulator/PackageFrameworks -F /Users/andre/Library/Developer/Xcode/DerivedData/app-amtohzntpgaslmftgwuebcooidch/Build/Products/Debug-iphonesimulator/PackageFrameworks -F /Users/andre/Library/Developer/Xcode/DerivedData/app-amtohzntpgaslmftgwuebcooidch/Build/Products/Debug-iphonesimulator/PackageFrameworks -F /Users/andre/Library/Developer/Xcode/DerivedData/app-amtohzntpgaslmftgwuebcooidch/Build/Products/Debug-iphonesimulator/PackageFrameworks -F /Users/andre/Library/Developer/Xcode/DerivedData/app-amtohzntpgaslmftgwuebcooidch/Build/Products/Debug-iphonesimulator/PackageFrameworks -F /Users/andre/Library/Developer/Xcode/DerivedData/app-amtohzntpgaslmftgwuebcooidch/Build/Products/Debug-iphonesimulator/PackageFrameworks -F /Users/andre/Library/Developer/Xcode/DerivedData/app-amtohzntpgaslmftgwuebcooidch/Build/Products/Debug-iphonesimulator/PackageFrameworks -F /Users/andre/Library/Developer/Xcode/DerivedData/app-amtohzntpgaslmftgwuebcooidch/Build/Products/Debug-iphonesimulator/PackageFrameworks -F /Users/andre/Library/Developer/Xcode/DerivedData/app-amtohzntpgaslmftgwuebcooidch/Build/Products/Debug-iphonesimulator/PackageFrameworks -F /Users/andre/Library/Developer/Xcode/DerivedData/app-amtohzntpgaslmftgwuebcooidch/Build/Products/Debug-iphonesimulator/PackageFrameworks -F /Users/andre/Library/Developer/Xcode/DerivedData/app-amtohzntpgaslmftgwuebcooidch/Build/Products/Debug-iphonesimulator/PackageFrameworks -F /Users/andre/Library/Developer/Xcode/DerivedData/app-amtohzntpgaslmftgwuebcooidch/Build/Products/Debug-iphonesimulator/PackageFrameworks -F /Users/andre/Library/Developer/Xcode/DerivedData/app-amtohzntpgaslmftgwuebcooidch/Build/Products/Debug-iphonesimulator/PackageFrameworks -F /Users/andre/Library/Developer/Xcode/DerivedData/app-amtohzntpgaslmftgwuebcooidch/Build/Products/Debug-iphonesimulator/PackageFrameworks -F /Users/andre/Library/Developer/Xcode/DerivedData/app-amtohzntpgaslmftgwuebcooidch/Build/Products/Debug-iphonesimulator/PackageFrameworks -F /Users/andre/Library/Developer/Xcode/DerivedData/app-amtohzntpgaslmftgwuebcooidch/Build/Products/Debug-iphonesimulator/PackageFrameworks -F /Users/andre/Library/Developer/Xcode/DerivedData/app-amtohzntpgaslmftgwuebcooidch/Build/Products/Debug-iphonesimulator/PackageFrameworks -F /Users/andre/Library/Developer/Xcode/DerivedData/app-amtohzntpgaslmftgwuebcooidch/Build/Products/Debug-iphonesimulator/PackageFrameworks -F /Users/andre/Library/Developer/Xcode/DerivedData/app-amtohzntpgaslmftgwuebcooidch/Build/Products/Debug-iphonesimulator/PackageFrameworks -F /Users/andre/Library/Developer/Xcode/DerivedData/app-amtohzntpgaslmftgwuebcooidch/Build/Products/Debug-iphonesimulator/PackageFrameworks -F /Users/andre/Library/Developer/Xcode/DerivedData/app-amtohzntpgaslmftgwuebcooidch/Build/Products/Debug-iphonesimulator/PackageFrameworks -F /Users/andre/Library/Developer/Xcode/DerivedData/app-amtohzntpgaslmftgwuebcooidch/Build/Products/Debug-iphonesimulator/PackageFrameworks -F /Users/andre/Library/Developer/Xcode/DerivedData/app-amtohzntpgaslmftgwuebcooidch/Build/Products/Debug-iphonesimulator/PackageFrameworks -F /Users/andre/Library/Developer/Xcode/DerivedData/app-amtohzntpgaslmftgwuebcooidch/Build/Products/Debug-iphonesimulator/PackageFrameworks -F /Users/andre/Library/Developer/Xcode/DerivedData/app-amtohzntpgaslmftgwuebcooidch/Build/Products/Debug-iphonesimulator/PackageFrameworks -F /Users/andre/Library/Developer/Xcode/DerivedData/app-amtohzntpgaslmftgwuebcooidch/Build/Products/Debug-iphonesimulator/PackageFrameworks -F /Users/andre/Library/Developer/Xcode/DerivedData/app-amtohzntpgaslmftgwuebcooidch/Build/Products/Debug-iphonesimulator/PackageFrameworks -F /Users/andre/Library/Developer/Xcode/DerivedData/app-amtohzntpgaslmftgwuebcooidch/Build/Products/Debug-iphonesimulator/PackageFrameworks -F /Users/andre/Library/Developer/Xcode/DerivedData/app-amtohzntpgaslmftgwuebcooidch/Build/Products/Debug-iphonesimulator/PackageFrameworks -F /Users/andre/Library/Developer/Xcode/DerivedData/app-amtohzntpgaslmftgwuebcooidch/Build/Products/Debug-iphonesimulator/PackageFrameworks -F /Users/andre/Library/Developer/Xcode/DerivedData/app-amtohzntpgaslmftgwuebcooidch/Build/Products/Debug-iphonesimulator/PackageFrameworks -F /Users/andre/Library/Developer/Xcode/DerivedData/app-amtohzntpgaslmftgwuebcooidch/Build/Products/Debug-iphonesimulator/PackageFrameworks -F /Users/andre/Library/Developer/Xcode/DerivedData/app-amtohzntpgaslmftgwuebcooidch/Build/Products/Debug-iphonesimulator/PackageFrameworks -F /Users/andre/Library/Developer/Xcode/DerivedData/app-amtohzntpgaslmftgwuebcooidch/Build/Products/Debug-iphonesimulator -emit-localized-strings -emit-localized-strings-path /Users/andre/Library/Developer/Xcode/DerivedData/app-amtohzntpgaslmftgwuebcooidch/Build/Intermediates.noindex/app.build/Debug-iphonesimulator/app.build/Objects-normal/arm64 -c -j8 -enable-batch-mode -incremental -Xcc -ivfsstatcache -Xcc /Users/andre/Library/Developer/Xcode/DerivedData/SDKStatCaches.noindex/iphonesimulator26.2-23C53-7d00a8b37fbd7999ea79df8ebc024bf0.sdkstatcache -output-file-map /Users/andre/Library/Developer/Xcode/DerivedData/app-amtohzntpgaslmftgwuebcooidch/Build/Intermediates.noindex/app.build/Debug-iphonesimulator/app.build/Objects-normal/arm64/app-OutputFileMap.json -use-frontend-parseable-output -save-temps -no-color-diagnostics -explicit-module-build -module-cache-path /Users/andre/Library/Developer/Xcode/DerivedData/app-amtohzntpgaslmftgwuebcooidch/Build/Intermediates.noindex/SwiftExplicitPrecompiledModules -clang-scanner-module-cache-path /Users/andre/Library/Developer/Xcode/DerivedData/ModuleCache.noindex -sdk-module-cache-path /Users/andre/Library/Developer/Xcode/DerivedData/ModuleCache.noindex -serialize-diagnostics -emit-dependencies -emit-module -emit-module-path /Users/andre/Library/Developer/Xcode/DerivedData/app-amtohzntpgaslmftgwuebcooidch/Build/Intermediates.noindex/app.build/Debug-iphonesimulator/app.build/Objects-normal/arm64/app.swiftmodule -validate-clang-modules-once -clang-build-session-file /Users/andre/Library/Developer/Xcode/DerivedData/ModuleCache.noindex/Session.modulevalidation -Xcc -I/Users/andre/Library/Developer/Xcode/DerivedData/app-amtohzntpgaslmftgwuebcooidch/Build/Intermediates.noindex/app.build/Debug-iphonesimulator/app.build/swift-overrides.hmap -emit-const-values -Xfrontend -const-gather-protocols-file -Xfrontend /Users/andre/Library/Developer/Xcode/DerivedData/app-amtohzntpgaslmftgwuebcooidch/Build/Intermediates.noindex/app.build/Debug-iphonesimulator/app.build/Objects-normal/arm64/app_const_extract_protocols.json -Xcc -iquote -Xcc /Users/andre/Library/Developer/Xcode/DerivedData/app-amtohzntpgaslmftgwuebcooidch/Build/Intermediates.noindex/app.build/Debug-iphonesimulator/app.build/app-generated-files.hmap -Xcc -I/Users/andre/Library/Developer/Xcode/DerivedData/app-amtohzntpgaslmftgwuebcooidch/Build/Intermediates.noindex/app.build/Debug-iphonesimulator/app.build/app-own-target-headers.hmap -Xcc -I/Users/andre/Library/Developer/Xcode/DerivedData/app-amtohzntpgaslmftgwuebcooidch/Build/Intermediates.noindex/app.build/Debug-iphonesimulator/app.build/app-all-non-framework-target-headers.hmap -Xcc -ivfsoverlay -Xcc /Users/andre/Library/Developer/Xcode/DerivedData/app-amtohzntpgaslmftgwuebcooidch/Build/Intermediates.noindex/app.build/Debug-iphonesimulator/app-ae18ceb30d46d3e5e4492e827d974eb5-VFS-iphonesimulator/all-product-headers.yaml -Xcc -iquote -Xcc /Users/andre/Library/Developer/Xcode/DerivedData/app-amtohzntpgaslmftgwuebcooidch/Build/Intermediates.noindex/app.build/Debug-iphonesimulator/app.build/app-project-headers.hmap -Xcc -I/Users/andre/Library/Developer/Xcode/DerivedData/app-amtohzntpgaslmftgwuebcooidch/SourcePackages/checkouts/interop-ios-for-google-sdks/RecaptchaEnterprise/RecaptchaInterop/Public -Xcc -I/Users/andre/Library/Developer/Xcode/DerivedData/app-amtohzntpgaslmftgwuebcooidch/SourcePackages/checkouts/firebase-ios-sdk/FirebaseAuth/Sources/Public -Xcc -I/Users/andre/Library/Developer/Xcode/DerivedData/app-amtohzntpgaslmftgwuebcooidch/SourcePackages/checkouts/firebase-ios-sdk/FirebaseAuth/Interop/Public -Xcc -I/Users/andre/Library/Developer/Xcode/DerivedData/app-amtohzntpgaslmftgwuebcooidch/SourcePackages/checkouts/AppAuth-iOS/Sources/AppAuth -Xcc -I/Users/andre/Library/Developer/Xcode/DerivedData/app-amtohzntpgaslmftgwuebcooidch/SourcePackages/checkouts/AppAuth-iOS/Sources/AppAuthCore -Xcc -I/Users/andre/Library/Developer/Xcode/DerivedData/app-amtohzntpgaslmftgwuebcooidch/SourcePackages/checkouts/app-check/AppCheckCore/Sources/Public -Xcc -I/Users/andre/Library/Developer/Xcode/DerivedData/app-amtohzntpgaslmftgwuebcooidch/SourcePackages/checkouts/gtm-session-fetcher/Sources/Core/Public -Xcc -I/Users/andre/Library/Developer/Xcode/DerivedData/app-amtohzntpgaslmftgwuebcooidch/SourcePackages/checkouts/GoogleSignIn-iOS/GoogleSignIn/Sources/Public -Xcc -I/Users/andre/Library/Developer/Xcode/DerivedData/app-amtohzntpgaslmftgwuebcooidch/SourcePackages/checkouts/abseil-cpp-binary/absl-Wrapper/include -Xcc -I/Users/andre/Library/Developer/Xcode/DerivedData/app-amtohzntpgaslmftgwuebcooidch/SourcePackages/checkouts/grpc-binary/openssl-grpc-Wrapper/include -Xcc -I/Users/andre/Library/Developer/Xcode/DerivedData/app-amtohzntpgaslmftgwuebcooidch/SourcePackages/checkouts/grpc-binary/grpc-Wrapper/include -Xcc -I/Users/andre/Library/Developer/Xcode/DerivedData/app-amtohzntpgaslmftgwuebcooidch/SourcePackages/checkouts/grpc-binary/grpcpp-Wrapper/include -Xcc -I/Users/andre/Library/Developer/Xcode/DerivedData/app-amtohzntpgaslmftgwuebcooidch/SourcePackages/checkouts/leveldb/include -Xcc -I/Users/andre/Library/Developer/Xcode/DerivedData/app-amtohzntpgaslmftgwuebcooidch/SourcePackages/checkouts/firebase-ios-sdk/FirebaseCore/Extension -Xcc -I/Users/andre/Library/Developer/Xcode/DerivedData/app-amtohzntpgaslmftgwuebcooidch/SourcePackages/checkouts/firebase-ios-sdk/FirebaseAppCheck/Interop/Public -Xcc -I/Users/andre/Library/Developer/Xcode/DerivedData/app-amtohzntpgaslmftgwuebcooidch/SourcePackages/checkouts/firebase-ios-sdk/FirebaseFirestoreInternal -Xcc -I/Users/andre/Library/Developer/Xcode/DerivedData/app-amtohzntpgaslmftgwuebcooidch/SourcePackages/checkouts/firebase-ios-sdk/SwiftPM-PlatformExclude/FirebaseFirestoreWrap/include -Xcc -I/Users/andre/Library/Developer/Xcode/DerivedData/app-amtohzntpgaslmftgwuebcooidch/SourcePackages/checkouts/promises/Sources/FBLPromises/include -Xcc -I/Users/andre/Library/Developer/Xcode/DerivedData/app-amtohzntpgaslmftgwuebcooidch/SourcePackages/checkouts/GoogleUtilities/GoogleUtilities/UserDefaults/Public -Xcc -I/Users/andre/Library/Developer/Xcode/DerivedData/app-amtohzntpgaslmftgwuebcooidch/SourcePackages/checkouts/google-ads-on-device-conversion-ios-sdk/GoogleAdsOnDeviceConversionWrapper/include -Xcc -I/Users/andre/Library/Developer/Xcode/DerivedData/app-amtohzntpgaslmftgwuebcooidch/SourcePackages/checkouts/GoogleAppMeasurement/GoogleAppMeasurementWrapper/include -Xcc -I/Users/andre/Library/Developer/Xcode/DerivedData/app-amtohzntpgaslmftgwuebcooidch/SourcePackages/checkouts/GoogleUtilities/GoogleUtilities/AppDelegateSwizzler/Public -Xcc -I/Users/andre/Library/Developer/Xcode/DerivedData/app-amtohzntpgaslmftgwuebcooidch/SourcePackages/checkouts/GoogleUtilities/GoogleUtilities/MethodSwizzler/Public -Xcc -I/Users/andre/Library/Developer/Xcode/DerivedData/app-amtohzntpgaslmftgwuebcooidch/SourcePackages/checkouts/GoogleUtilities/GoogleUtilities/Reachability/Public -Xcc -I/Users/andre/Library/Developer/Xcode/DerivedData/app-amtohzntpgaslmftgwuebcooidch/SourcePackages/checkouts/GoogleUtilities/GoogleUtilities/NSData+zlib/Public -Xcc -I/Users/andre/Library/Developer/Xcode/DerivedData/app-amtohzntpgaslmftgwuebcooidch/SourcePackages/checkouts/GoogleUtilities/GoogleUtilities/Logger/Public -Xcc -I/Users/andre/Library/Developer/Xcode/DerivedData/app-amtohzntpgaslmftgwuebcooidch/SourcePackages/checkouts/GoogleUtilities/GoogleUtilities/Environment/Public -Xcc -I/Users/andre/Library/Developer/Xcode/DerivedData/app-amtohzntpgaslmftgwuebcooidch/SourcePackages/checkouts/GoogleUtilities/third_party/IsAppEncrypted/Public -Xcc -I/Users/andre/Library/Developer/Xcode/DerivedData/app-amtohzntpgaslmftgwuebcooidch/SourcePackages/checkouts/GoogleUtilities/GoogleUtilities/Network/Public -Xcc -I/Users/andre/Library/Developer/Xcode/DerivedData/app-amtohzntpgaslmftgwuebcooidch/SourcePackages/checkouts/nanopb/spm_headers -Xcc -I/Users/andre/Library/Developer/Xcode/DerivedData/app-amtohzntpgaslmftgwuebcooidch/SourcePackages/checkouts/firebase-ios-sdk/FirebaseAnalyticsWrapper/include -Xcc -I/Users/andre/Library/Developer/Xcode/DerivedData/app-amtohzntpgaslmftgwuebcooidch/SourcePackages/checkouts/firebase-ios-sdk/FirebaseInstallations/Source/Library/Public -Xcc -I/Users/andre/Library/Developer/Xcode/DerivedData/app-amtohzntpgaslmftgwuebcooidch/SourcePackages/checkouts/firebase-ios-sdk/FirebaseCore/Sources/Public -Xcc -I/Users/andre/Library/Developer/Xcode/DerivedData/app-amtohzntpgaslmftgwuebcooidch/SourcePackages/checkouts/firebase-ios-sdk/CoreOnly/Sources -Xcc -I/Users/andre/Library/Developer/Xcode/DerivedData/app-amtohzntpgaslmftgwuebcooidch/SourcePackages/checkouts/firebase-ios-sdk/SwiftPM-PlatformExclude/FirebaseAnalyticsWrap/include -Xcc -I/Users/andre/Library/Developer/Xcode/DerivedData/app-amtohzntpgaslmftgwuebcooidch/Build/Products/Debug-iphonesimulator/include -Xcc -I/Users/andre/Library/Developer/Xcode/DerivedData/app-amtohzntpgaslmftgwuebcooidch/Build/Intermediates.noindex/app.build/Debug-iphonesimulator/app.build/DerivedSources-normal/arm64 -Xcc -I/Users/andre/Library/Developer/Xcode/DerivedData/app-amtohzntpgaslmftgwuebcooidch/Build/Intermediates.noindex/app.build/Debug-iphonesimulator/app.build/DerivedSources/arm64 -Xcc -I/Users/andre/Library/Developer/Xcode/DerivedData/app-amtohzntpgaslmftgwuebcooidch/Build/Intermediates.noindex/app.build/Debug-iphonesimulator/app.build/DerivedSources -Xcc -DDEBUG\=1 -emit-objc-header -emit-objc-header-path /Users/andre/Library/Developer/Xcode/DerivedData/app-amtohzntpgaslmftgwuebcooidch/Build/Intermediates.noindex/app.build/Debug-iphonesimulator/app.build/Objects-normal/arm64/app-Swift.h -working-directory /Users/andre/Desktop/Endeavor\ Antigravity/app -experimental-emit-module-separately -disable-cmo
/Users/andre/Desktop/Endeavor Antigravity/app/EndeavorApp/Services/FirebaseService.swift:6:8: error: Unable to find module dependency: 'FirebaseStorage'
import FirebaseStorage
       ^
/Users/andre/Desktop/Endeavor Antigravity/app/EndeavorApp/Services/FirebaseService.swift:6:8: note: a dependency of main module 'app'
import FirebaseStorage
       ^
/Users/andre/Desktop/Endeavor Antigravity/app/EndeavorApp/Services/FirebaseService.swift:6:8: error: Unable to find module dependency: 'FirebaseStorage'
import FirebaseStorage
       ^ (in target 'app' from project 'app')
/Users/andre/Desktop/Endeavor Antigravity/app/EndeavorApp/Services/FirebaseService.swift:6:8: note: A dependency of main module 'app'
import FirebaseStorage
       ^ (in target 'app' from project 'app')

** BUILD FAILED **


The following build commands failed:
	SwiftDriver app normal arm64 com.apple.xcode.tools.swift.compiler (in target 'app' from project 'app')
	Building project app with scheme app
(2 failures)
